Using pre-set license
Built from '2021.1/release' branch; Version is '2021.1.16f1 (5fa502fca597) revision 6268162'; Using compiler version '192528614'; Build Type 'Release'
OS: 'Windows 10 Home; OS build 19043.1348; Version 2009; 64bit' Language: 'fr' Physical Memory: 16308 MB
BatchMode: 1, IsHumanControllingUs: 0, StartBugReporterOnCrash: 0, Is64bit: 1, IsPro: 0

 COMMAND LINE ARGUMENTS:
C:\Program Files\2021.1.16f1\Editor\Unity.exe
-adb2
-batchMode
-noUpm
-name
AssetImportWorker0
-projectPath
E:/Cegep/Technique_Integration_Multimedia/Session_5/EXPÉRIMENTATION EN JEU/luminescenceJEU/LuminescenceJeu/Luminescence
-logFile
Logs/AssetImportWorker0.log
-srvPort
57269
Successfully changed project path to: E:/Cegep/Technique_Integration_Multimedia/Session_5/EXPÉRIMENTATION EN JEU/luminescenceJEU/LuminescenceJeu/Luminescence
E:/Cegep/Technique_Integration_Multimedia/Session_5/EXPÉRIMENTATION EN JEU/luminescenceJEU/LuminescenceJeu/Luminescence
Using Asset Import Pipeline V2.
Refreshing native plugins compatible for Editor in 88.20 ms, found 6 plugins.
Preloading 1 native plugins for Editor in 1.04 ms.
Initialize engine version: 2021.1.16f1 (5fa502fca597)
[Subsystems] Discovering subsystems at path C:/Program Files/2021.1.16f1/Editor/Data/Resources/UnitySubsystems
[Subsystems] Discovering subsystems at path E:/Cegep/Technique_Integration_Multimedia/Session_5/EXPÉRIMENTATION EN JEU/luminescenceJEU/LuminescenceJeu/Luminescence/Assets
GfxDevice: creating device client; threaded=0; jobified=0
Direct3D:
    Version:  Direct3D 11.0 [level 11.1]
    Renderer: NVIDIA GeForce GTX 1070 (ID=0x1b81)
    Vendor:   NVIDIA
    VRAM:     8088 MB
    Driver:   30.0.14.7196
Initialize mono
Mono path[0] = 'C:/Program Files/2021.1.16f1/Editor/Data/Managed'
Mono path[1] = 'C:/Program Files/2021.1.16f1/Editor/Data/MonoBleedingEdge/lib/mono/unityjit'
Mono config path = 'C:/Program Files/2021.1.16f1/Editor/Data/MonoBleedingEdge/etc'
Using monoOptions --debugger-agent=transport=dt_socket,embedding=1,server=y,suspend=n,address=127.0.0.1:56072
Begin MonoManager ReloadAssembly
Registering precompiled unity dll's ...
Register platform support module: C:/Program Files/2021.1.16f1/Editor/Data/PlaybackEngines/WindowsStandaloneSupport/UnityEditor.WindowsStandalone.Extensions.dll
Registered in 0.002210 seconds.
Native extension for WindowsStandalone target not found
Refreshing native plugins compatible for Editor in 86.21 ms, found 6 plugins.
Preloading 1 native plugins for Editor in 0.09 ms.
Mono: successfully reloaded assembly
- Completed reload, in  1.198 seconds
Domain Reload Profiling:
	ReloadAssembly (1198ms)
		BeginReloadAssembly (61ms)
			ExecutionOrderSort (0ms)
			DisableScriptedObjects (0ms)
			BackupInstance (0ms)
			ReleaseScriptingObjects (0ms)
			CreateAndSetChildDomain (1ms)
		EndReloadAssembly (451ms)
			LoadAssemblies (59ms)
			RebuildTransferFunctionScriptingTraits (0ms)
			SetupTypeCache (157ms)
			ReleaseScriptCaches (0ms)
			RebuildScriptCaches (29ms)
			SetupLoadedEditorAssemblies (217ms)
				LogAssemblyErrors (0ms)
				InitializePlatformSupportModulesInManaged (6ms)
				SetLoadedEditorAssemblies (0ms)
				RefreshPlugins (86ms)
				BeforeProcessingInitializeOnLoad (1ms)
				ProcessInitializeOnLoadAttributes (95ms)
				ProcessInitializeOnLoadMethodAttributes (27ms)
				AfterProcessingInitializeOnLoad (0ms)
				EditorAssembliesLoaded (0ms)
			ExecutionOrderSort2 (0ms)
			AwakeInstancesAfterBackupRestoration (0ms)
Platform modules already initialized, skipping
Registering precompiled user dll's ...
Registered in 0.005340 seconds.
Begin MonoManager ReloadAssembly
Symbol file LoadedFromMemory doesn't match image E:\Cegep\Technique_Integration_Multimedia\Session_5\EXPÉRIMENTATION EN JEU\luminescenceJEU\LuminescenceJeu\Luminescence\Library\PackageCache\com.unity.visualscripting@1.6.1\Editor\VisualScripting.Core\Dependencies\YamlDotNet\Unity.VisualScripting.YamlDotNet.dll
Symbol file LoadedFromMemory doesn't match image E:\Cegep\Technique_Integration_Multimedia\Session_5\EXPÉRIMENTATION EN JEU\luminescenceJEU\LuminescenceJeu\Luminescence\Library\PackageCache\com.unity.visualscripting@1.6.1\Editor\VisualScripting.Core\Dependencies\DotNetZip\Unity.VisualScripting.IonicZip.dll
Native extension for WindowsStandalone target not found
Refreshing native plugins compatible for Editor in 83.58 ms, found 6 plugins.
Preloading 1 native plugins for Editor in 0.09 ms.
[XR] OculusXRPlugin: registering subsystems
[XR] Unable to register display lifecyle provider: [1]
[XR] Oculus Input lifecycle provider registered.
[XR] Unable to register input lifecyle provider: [1]
System.Reflection.TargetInvocationException: Exception has been thrown by the target of an invocation. ---> System.NullReferenceException: Object reference not set to an instance of an object
  at Unity.XR.Oculus.OculusLoader.AssetPathToAbsolutePath (System.String assetPath) [0x00048] in E:\Cegep\Technique_Integration_Multimedia\Session_5\EXPÉRIMENTATION EN JEU\luminescenceJEU\LuminescenceJeu\Luminescence\Library\PackageCache\com.unity.xr.oculus@1.9.1\Runtime\OculusLoader.cs:249 
  at Unity.XR.Oculus.OculusLoader.EditorLoadOVRPlugin () [0x0007b] in E:\Cegep\Technique_Integration_Multimedia\Session_5\EXPÉRIMENTATION EN JEU\luminescenceJEU\LuminescenceJeu\Luminescence\Library\PackageCache\com.unity.xr.oculus@1.9.1\Runtime\OculusLoader.cs:234 
  at (wrapper managed-to-native) System.Reflection.MonoMethod.InternalInvoke(System.Reflection.MonoMethod,object,object[],System.Exception&)
  at System.Reflection.MonoMethod.Invoke (System.Object obj, System.Reflection.BindingFlags invokeAttr, System.Reflection.Binder binder, System.Object[] parameters, System.Globalization.CultureInfo culture) [0x00032] in <695d1cc93cca45069c528c15c9fdd749>:0 
   --- End of inner exception stack trace ---
  at System.Reflection.MonoMethod.Invoke (System.Object obj, System.Reflection.BindingFlags invokeAttr, System.Reflection.Binder binder, System.Object[] parameters, System.Globalization.CultureInfo culture) [0x00048] in <695d1cc93cca45069c528c15c9fdd749>:0 
  at System.Reflection.MethodBase.Invoke (System.Object obj, System.Object[] parameters) [0x00000] in <695d1cc93cca45069c528c15c9fdd749>:0 
  at UnityEditor.EditorAssemblies.ProcessInitializeOnLoadMethodAttributes () [0x00047] in <7ca9a09aeae542ab86253a551b1c89a0>:0 
UnityEngine.StackTraceUtility:ExtractStackTrace ()
UnityEngine.DebugLogHandler:LogFormat (UnityEngine.LogType,UnityEngine.Object,string,object[])
UnityEngine.Logger:Log (UnityEngine.LogType,object)
UnityEngine.Debug:LogError (object)
UnityEditor.EditorAssemblies:ProcessInitializeOnLoadMethodAttributes ()

Mono: successfully reloaded assembly
- Completed reload, in  1.358 seconds
Domain Reload Profiling:
	ReloadAssembly (1359ms)
		BeginReloadAssembly (150ms)
			ExecutionOrderSort (0ms)
			DisableScriptedObjects (4ms)
			BackupInstance (0ms)
			ReleaseScriptingObjects (0ms)
			CreateAndSetChildDomain (19ms)
		EndReloadAssembly (1148ms)
			LoadAssemblies (100ms)
			RebuildTransferFunctionScriptingTraits (0ms)
			SetupTypeCache (354ms)
			ReleaseScriptCaches (1ms)
			RebuildScriptCaches (56ms)
			SetupLoadedEditorAssemblies (537ms)
				LogAssemblyErrors (0ms)
				InitializePlatformSupportModulesInManaged (4ms)
				SetLoadedEditorAssemblies (0ms)
				RefreshPlugins (84ms)
				BeforeProcessingInitializeOnLoad (79ms)
				ProcessInitializeOnLoadAttributes (347ms)
				ProcessInitializeOnLoadMethodAttributes (15ms)
				AfterProcessingInitializeOnLoad (7ms)
				EditorAssembliesLoaded (0ms)
			ExecutionOrderSort2 (0ms)
			AwakeInstancesAfterBackupRestoration (6ms)
Platform modules already initialized, skipping
========================================================================
Worker process is ready to serve import requests
Launched and connected shader compiler UnityShaderCompiler.exe after 0.08 seconds
Refreshing native plugins compatible for Editor in 1.84 ms, found 6 plugins.
Preloading 1 native plugins for Editor in 0.14 ms.
Unloading 3492 Unused Serialized files (Serialized files now loaded: 0)
System memory in use before: 140.8 MB.
System memory in use after: 141.0 MB.

Unloading 25 unused Assets to reduce memory usage. Loaded Objects now: 3962.
Total: 4.000600 ms (FindLiveObjects: 0.262300 ms CreateObjectMapping: 0.159700 ms MarkObjects: 3.484800 ms  DeleteObjects: 0.092600 ms)

AssetImportParameters requested are different than current active one (requested -> active):
  custom:framework-win-MediaFoundation: 216162199b28c13a410421893ffa2e32 -> 
  custom:video-decoder-ogg-theora: a1e56fd34408186e4bbccfd4996cb3dc -> 
  custom:container-muxer-webm: aa71ff27fc2769a1b78a27578f13a17b -> 
  custom:container-demuxer-webm: 4f35f7cbe854078d1ac9338744f61a02 -> 
  custom:container-demuxer-ogg: 62fdf1f143b41e24485cea50d1cbac27 -> 
  custom:video-encoder-webm-vp8: eb34c28f22e8b96e1ab97ce403110664 -> 
  custom:video-codec-MediaFoundation-h265: 746d11721c4dcdbdad8f713fa42b33f4 -> 
  custom:video-decoder-webm-vp8: 9c59270c3fd7afecdb556c50c9e8de78 -> 
  custom:audio-decoder-ogg-vorbis: bf7c407c2cedff20999df2af8eb42d56 -> 
  custom:audio-encoder-webm-vorbis: bf7c407c2cedff20999df2af8eb42d56 -> 
========================================================================
Received Import Request.
  path: Assets/Mains/mainsBase/objets/Avatar3.png
  artifactKey: Guid(3c197bcbe69183c42bc8b9ffd7a01a95) Importer(815301076,1909f56bfc062723c751e8b465ee728b)
Start importing Assets/Mains/mainsBase/objets/Avatar3.png using Guid(3c197bcbe69183c42bc8b9ffd7a01a95) Importer(815301076,1909f56bfc062723c751e8b465ee728b)  -> (artifact id: 'cb7f93035e5a64c15425cd860b0c17dd') in 0.073555 seconds 
========================================================================
Received Import Request.
  Time since last request: 0.000294 seconds.
  path: Assets/avatar/Avatars/assets avatars/Textures/Avatar4.png
  artifactKey: Guid(7a31f4cf5eab67b42ac0f90039751a43) Importer(815301076,1909f56bfc062723c751e8b465ee728b)
Start importing Assets/avatar/Avatars/assets avatars/Textures/Avatar4.png using Guid(7a31f4cf5eab67b42ac0f90039751a43) Importer(815301076,1909f56bfc062723c751e8b465ee728b)  -> (artifact id: '333be129a6bd80942d9fff08b49893da') in 0.022358 seconds 
========================================================================
Received Import Request.
  Time since last request: 0.000244 seconds.
  path: Assets/avatar/Avatars/assets avatars/Textures/Avatar1.png
  artifactKey: Guid(0164dade319b9254b86e7dc5f9f474ad) Importer(815301076,1909f56bfc062723c751e8b465ee728b)
Start importing Assets/avatar/Avatars/assets avatars/Textures/Avatar1.png using Guid(0164dade319b9254b86e7dc5f9f474ad) Importer(815301076,1909f56bfc062723c751e8b465ee728b)  -> (artifact id: '9c89e0ef47f14f8e6799e93694311b7d') in 0.020593 seconds 
========================================================================
Received Import Request.
  Time since last request: 0.000147 seconds.
  path: Assets/avatar/Avatars/assets avatars/Textures/Avatar2.png
  artifactKey: Guid(11fab0f4df314ad46b232b2cc8f5d6b4) Importer(815301076,1909f56bfc062723c751e8b465ee728b)
Start importing Assets/avatar/Avatars/assets avatars/Textures/Avatar2.png using Guid(11fab0f4df314ad46b232b2cc8f5d6b4) Importer(815301076,1909f56bfc062723c751e8b465ee728b)  -> (artifact id: 'c7bf2c56c32bd8c2e3a0fd4423e463b0') in 0.019902 seconds 
========================================================================
Received Import Request.
  Time since last request: 88.239008 seconds.
  path: Assets/avatar/Avatars/Avatar1.prefab
  artifactKey: Guid(69edaa7f6d0367845b76420b47e4be35) Importer(815301076,1909f56bfc062723c751e8b465ee728b)
Start importing Assets/avatar/Avatars/Avatar1.prefab using Guid(69edaa7f6d0367845b76420b47e4be35) Importer(815301076,1909f56bfc062723c751e8b465ee728b)  -> (artifact id: '92c60f14276cff3ced5d31b54b1f66c7') in 0.070895 seconds 
========================================================================
Received Import Request.
  Time since last request: 0.000290 seconds.
  path: Assets/avatar/Avatars/Avatar5.prefab
  artifactKey: Guid(089d38c2beff1f044b446797593d7269) Importer(815301076,1909f56bfc062723c751e8b465ee728b)
Start importing Assets/avatar/Avatars/Avatar5.prefab using Guid(089d38c2beff1f044b446797593d7269) Importer(815301076,1909f56bfc062723c751e8b465ee728b)  -> (artifact id: 'c92ef145d422e45a6ebfe8ff614dec40') in 0.024336 seconds 
========================================================================
Received Import Request.
  Time since last request: 0.000313 seconds.
  path: Assets/avatar/Avatars/assets avatars/Model/Avatar5.fbx
  artifactKey: Guid(166544fdcae3ad745835e01eacb2f797) Importer(815301076,1909f56bfc062723c751e8b465ee728b)
Start importing Assets/avatar/Avatars/assets avatars/Model/Avatar5.fbx using Guid(166544fdcae3ad745835e01eacb2f797) Importer(815301076,1909f56bfc062723c751e8b465ee728b)  -> (artifact id: 'b773dbc0fb5b9e5f17aab4c8de605060') in 0.089873 seconds 
========================================================================
Received Import Request.
  Time since last request: 0.000214 seconds.
  path: Assets/avatar/Avatars/Avatar3.prefab
  artifactKey: Guid(e8090dbb771374144a023faf37db10eb) Importer(815301076,1909f56bfc062723c751e8b465ee728b)
Start importing Assets/avatar/Avatars/Avatar3.prefab using Guid(e8090dbb771374144a023faf37db10eb) Importer(815301076,1909f56bfc062723c751e8b465ee728b)  -> (artifact id: '89742521ed4222d89d743e86ba259f18') in 0.021532 seconds 
========================================================================
Received Import Request.
  Time since last request: 0.000215 seconds.
  path: Assets/avatar/Avatars/Avatar2.prefab
  artifactKey: Guid(0c74eca2d21234b42b00d95293f1ee7e) Importer(815301076,1909f56bfc062723c751e8b465ee728b)
Start importing Assets/avatar/Avatars/Avatar2.prefab using Guid(0c74eca2d21234b42b00d95293f1ee7e) Importer(815301076,1909f56bfc062723c751e8b465ee728b)  -> (artifact id: '458dce110de59174dd7dbf907dbe0a4b') in 0.019166 seconds 
========================================================================
Received Import Request.
  Time since last request: 0.000204 seconds.
  path: Assets/avatar/Avatars/assets avatars/Model/Avatar1.fbx
  artifactKey: Guid(e1771d0663ea83f4cb714ab1ce1d3d51) Importer(815301076,1909f56bfc062723c751e8b465ee728b)
Start importing Assets/avatar/Avatars/assets avatars/Model/Avatar1.fbx using Guid(e1771d0663ea83f4cb714ab1ce1d3d51) Importer(815301076,1909f56bfc062723c751e8b465ee728b)  -> (artifact id: 'aac2bc304a8e69dffd3433152eaf3fbd') in 0.059029 seconds 
========================================================================
Received Import Request.
  Time since last request: 0.000229 seconds.
  path: Assets/avatar/Avatars/Avatar4.prefab
  artifactKey: Guid(47133d67b3a40f04eb97e5089982ea39) Importer(815301076,1909f56bfc062723c751e8b465ee728b)
Start importing Assets/avatar/Avatars/Avatar4.prefab using Guid(47133d67b3a40f04eb97e5089982ea39) Importer(815301076,1909f56bfc062723c751e8b465ee728b)  -> (artifact id: 'b9c688f7d0bc3b31dee4e3971c46d75d') in 0.020610 seconds 
========================================================================
Received Import Request.
  Time since last request: 0.000202 seconds.
  path: Assets/avatar/Avatars/assets avatars/Model/Avatar4.fbx
  artifactKey: Guid(2c913c71a75caeb47ac99021ed481226) Importer(815301076,1909f56bfc062723c751e8b465ee728b)
Start importing Assets/avatar/Avatars/assets avatars/Model/Avatar4.fbx using Guid(2c913c71a75caeb47ac99021ed481226) Importer(815301076,1909f56bfc062723c751e8b465ee728b)  -> (artifact id: '01690f2ef67c512cbbd9c6a5d944f3d4') in 0.058947 seconds 
========================================================================
Received Import Request.
  Time since last request: 0.000175 seconds.
  path: Assets/Mains/mainsBase/objets/Avatar3.fbx
  artifactKey: Guid(791644c7414d4f24d8420d92e728e091) Importer(815301076,1909f56bfc062723c751e8b465ee728b)
Start importing Assets/Mains/mainsBase/objets/Avatar3.fbx using Guid(791644c7414d4f24d8420d92e728e091) Importer(815301076,1909f56bfc062723c751e8b465ee728b)  -> (artifact id: '317229b3280b2d335d05b2d28dde7ff8') in 0.059954 seconds 
========================================================================
Received Import Request.
  Time since last request: 0.000234 seconds.
  path: Assets/avatar/Avatars/assets avatars/Model/Avatar2.fbx
  artifactKey: Guid(91cbd9356c50e0c40bfa26bdc36290c8) Importer(815301076,1909f56bfc062723c751e8b465ee728b)
Start importing Assets/avatar/Avatars/assets avatars/Model/Avatar2.fbx using Guid(91cbd9356c50e0c40bfa26bdc36290c8) Importer(815301076,1909f56bfc062723c751e8b465ee728b)  -> (artifact id: '0f6b5219cf11c0472c8456555638f485') in 0.051207 seconds 
========================================================================
Received Import Request.
  Time since last request: 1.345037 seconds.
  path: Assets/Mains/MainsAnimees/CustomHandLeft.prefab
  artifactKey: Guid(e6ba3498ffa1e534b91a07264266e6b8) Importer(815301076,1909f56bfc062723c751e8b465ee728b)
Start importing Assets/Mains/MainsAnimees/CustomHandLeft.prefab using Guid(e6ba3498ffa1e534b91a07264266e6b8) Importer(815301076,1909f56bfc062723c751e8b465ee728b)  -> (artifact id: 'c51483fa1d81fc1bf05f2922522ffa1f') in 0.139396 seconds 
========================================================================
Received Import Request.
  Time since last request: 0.000252 seconds.
  path: Assets/Mains/MainsAnimees/CustomHandRight.prefab
  artifactKey: Guid(ba1fa4a8c66106b4988c88fe4b8e8502) Importer(815301076,1909f56bfc062723c751e8b465ee728b)
Start importing Assets/Mains/MainsAnimees/CustomHandRight.prefab using Guid(ba1fa4a8c66106b4988c88fe4b8e8502) Importer(815301076,1909f56bfc062723c751e8b465ee728b)  -> (artifact id: '9abf8e150c6c12070a2b7165caceaf78') in 0.023426 seconds 
========================================================================
Received Import Request.
  Time since last request: 2.913329 seconds.
  path: Assets/Mains/MainsAnimees/Ressources/Animations/l_hand_fist_anim.fbx
  artifactKey: Guid(7cb2e1480bb51ce4282f540ea3f41d4f) Importer(815301076,1909f56bfc062723c751e8b465ee728b)
Start importing Assets/Mains/MainsAnimees/Ressources/Animations/l_hand_fist_anim.fbx using Guid(7cb2e1480bb51ce4282f540ea3f41d4f) Importer(815301076,1909f56bfc062723c751e8b465ee728b)  -> (artifact id: 'e5bb2ce9a312197fa9f94f0b75333b0c') in 0.013844 seconds 
========================================================================
Received Import Request.
  Time since last request: 0.000277 seconds.
  path: Assets/Mains/MainsAnimees/Ressources/Models/l_hand_skeletal_lowres.fbx
  artifactKey: Guid(ca20b3907ff1c794cb89c1ad2cce8282) Importer(815301076,1909f56bfc062723c751e8b465ee728b)
Start importing Assets/Mains/MainsAnimees/Ressources/Models/l_hand_skeletal_lowres.fbx using Guid(ca20b3907ff1c794cb89c1ad2cce8282) Importer(815301076,1909f56bfc062723c751e8b465ee728b)  -> (artifact id: '177f1948aa23430ca92cbbe56245a634') in 0.027471 seconds 
========================================================================
Received Import Request.
  Time since last request: 0.000312 seconds.
  path: Assets/Mains/MainsAnimees/Ressources/Animations/l_hand_hold_generic_anim.fbx
  artifactKey: Guid(b8943b5ee74fcd945a2746d0051466cd) Importer(815301076,1909f56bfc062723c751e8b465ee728b)
Start importing Assets/Mains/MainsAnimees/Ressources/Animations/l_hand_hold_generic_anim.fbx using Guid(b8943b5ee74fcd945a2746d0051466cd) Importer(815301076,1909f56bfc062723c751e8b465ee728b)  -> (artifact id: 'db403d567df1c715148aec3d9663bd89') in 0.011407 seconds 
========================================================================
Received Import Request.
  Time since last request: 0.000209 seconds.
  path: Assets/Mains/MainsAnimees/Ressources/Animations/l_hand_pinch_anim.fbx
  artifactKey: Guid(a91ff20f7450bf446a6bf0bfb5e932ae) Importer(815301076,1909f56bfc062723c751e8b465ee728b)
Start importing Assets/Mains/MainsAnimees/Ressources/Animations/l_hand_pinch_anim.fbx using Guid(a91ff20f7450bf446a6bf0bfb5e932ae) Importer(815301076,1909f56bfc062723c751e8b465ee728b)  -> (artifact id: '61842d983e82e0de2c274d16628d5093') in 0.011455 seconds 
========================================================================
Received Import Request.
  Time since last request: 0.806850 seconds.
  path: Assets/Mains/mainsBase/MainDroite.prefab
  artifactKey: Guid(a50ee5eb2d143ca41abc48c731663fd4) Importer(815301076,1909f56bfc062723c751e8b465ee728b)
Start importing Assets/Mains/mainsBase/MainDroite.prefab using Guid(a50ee5eb2d143ca41abc48c731663fd4) Importer(815301076,1909f56bfc062723c751e8b465ee728b)  -> (artifact id: '8b5d0fe743f17ae8411b4347eb4f1bcf') in 0.022702 seconds 
========================================================================
Received Import Request.
  Time since last request: 0.000191 seconds.
  path: Assets/Mains/mainsBase/MainGauche.prefab
  artifactKey: Guid(8358ee1e1e299724ebf04737318a8b08) Importer(815301076,1909f56bfc062723c751e8b465ee728b)
Start importing Assets/Mains/mainsBase/MainGauche.prefab using Guid(8358ee1e1e299724ebf04737318a8b08) Importer(815301076,1909f56bfc062723c751e8b465ee728b)  -> (artifact id: 'c7ec5f37116636ed55a642e547b6756e') in 0.024967 seconds 
========================================================================
Received Import Request.
  Time since last request: 4.282396 seconds.
  path: Assets/Mains/MainsAnimees/Ressources/Animations/r_hand_fist_anim.fbx
  artifactKey: Guid(005ab0ae8aa7f74438a5fa50f7cd50e3) Importer(815301076,1909f56bfc062723c751e8b465ee728b)
Start importing Assets/Mains/MainsAnimees/Ressources/Animations/r_hand_fist_anim.fbx using Guid(005ab0ae8aa7f74438a5fa50f7cd50e3) Importer(815301076,1909f56bfc062723c751e8b465ee728b)  -> (artifact id: '7a84976a2040a691637256cd0ca0c14c') in 0.013082 seconds 
========================================================================
Received Import Request.
  Time since last request: 0.000245 seconds.
  path: Assets/Mains/MainsAnimees/Ressources/Models/r_hand_skeletal_lowres.fbx
  artifactKey: Guid(d0c255d07fd68f14b94e55d388e7e6bb) Importer(815301076,1909f56bfc062723c751e8b465ee728b)
Start importing Assets/Mains/MainsAnimees/Ressources/Models/r_hand_skeletal_lowres.fbx using Guid(d0c255d07fd68f14b94e55d388e7e6bb) Importer(815301076,1909f56bfc062723c751e8b465ee728b)  -> (artifact id: 'b2722be7d60258caf207fa03e5247c6a') in 0.029389 seconds 
========================================================================
Received Import Request.
  Time since last request: 0.000245 seconds.
  path: Assets/Mains/MainsAnimees/Ressources/Animations/r_hand_pinch_anim.fbx
  artifactKey: Guid(165871bb4fa915847973b6955c7a670d) Importer(815301076,1909f56bfc062723c751e8b465ee728b)
Start importing Assets/Mains/MainsAnimees/Ressources/Animations/r_hand_pinch_anim.fbx using Guid(165871bb4fa915847973b6955c7a670d) Importer(815301076,1909f56bfc062723c751e8b465ee728b)  -> (artifact id: 'ab96f082679d3dae49dca41bce34aad8') in 0.012544 seconds 
========================================================================
Received Import Request.
  Time since last request: 0.000263 seconds.
  path: Assets/Mains/MainsAnimees/Ressources/Animations/r_hand_hold_generic_anim.fbx
  artifactKey: Guid(6c41a6e223fece0458162624394578d6) Importer(815301076,1909f56bfc062723c751e8b465ee728b)
Start importing Assets/Mains/MainsAnimees/Ressources/Animations/r_hand_hold_generic_anim.fbx using Guid(6c41a6e223fece0458162624394578d6) Importer(815301076,1909f56bfc062723c751e8b465ee728b)  -> (artifact id: '85f4e3f0264e2ef3bbcea345fc8c6755') in 0.012178 seconds 
